<?xml version="1.0" encoding="UTF-8"?>
<testsuite xmlns:xsi="http://www.w3.org/2001/XMLSchema-instance" xsi:schemaLocation="https://maven.apache.org/surefire/maven-surefire-plugin/xsd/surefire-test-report.xsd" name="TestSuite" time="81.422" tests="6" errors="0" skipped="0" failures="1">
  <properties>
[...]
</properties>
  <testcase name="testMoniteredFilter" classname="siddhi.test.suite.TemperatureAlertAppUnitTests" time="1.289">
    <failure message="expected [true] but found [false]" type="java.lang.AssertionError">java.lang.AssertionError: expected [true] but found [false]
	at siddhi.test.suite.TemperatureAlertAppUnitTests.testMoniteredFilter(TemperatureAlertAppUnitTests.java:82)
</failure>
    <system-out><![CDATA[[siddhi.test.suite.TemperatureAlertAppUnitTests] INFO : Tests Monitered Filter Query
[io.siddhi.core.query.selector.QuerySelector] TRACE : event is processed by selector MonitoredDevicesTempStreamio.siddhi.core.query.selector.QuerySelector@183e8c8a
[io.siddhi.core.util.EventPrinter] INFO : Events{ @timestamp = 1584601245785, inEvents = [Event{timestamp=1584601245785, data=[CyrusOne, 35.5, ServerRoom1], isExpired=false}], RemoveEvents = null }
]]></system-out>
    <system-err><![CDATA[SLF4J: Class path contains multiple SLF4J bindings.
SLF4J: Found binding in [jar:file:/home/dang/.m2/repository/org/ops4j/pax/logging/pax-logging-api/1.11.0/pax-logging-api-1.11.0.jar!/org/slf4j/impl/StaticLoggerBinder.class]
SLF4J: Found binding in [jar:file:/home/dang/.m2/repository/org/slf4j/slf4j-log4j12/1.7.21/slf4j-log4j12-1.7.21.jar!/org/slf4j/impl/StaticLoggerBinder.class]
SLF4J: Found binding in [jar:file:/home/dang/.m2/repository/org/slf4j/slf4j-simple/1.7.12/slf4j-simple-1.7.12.jar!/org/slf4j/impl/StaticLoggerBinder.class]
SLF4J: See http://www.slf4j.org/codes.html#multiple_bindings for an explanation.
SLF4J: Actual binding is of type [org.ops4j.pax.logging.slf4j.Slf4jLoggerFactory]
]]></system-err>
  </testcase>
  <testcase name="testSiddhiRunnerStartup" classname="siddhi.test.suite.TemperatureAlertAppUnitTests" time="15.393"/>
  <testcase name="testAppOutput" classname="siddhi.test.suite.TemperatureAlertAppIntegrationTests" time="0.307"/>
  <testcase name="testMessageConsumption" classname="siddhi.test.suite.TemperatureAlertAppIntegrationTests" time="0.007"/>
  <testcase name="testMessagePublishingWithSiddhi" classname="siddhi.test.suite.TemperatureAlertAppIntegrationTests" time="0.115"/>
  <testcase name="testDBPersistence" classname="siddhi.test.suite.TemperatureAlertAppIntegrationTests" time="0.994"/>
</testsuite>