<?xml version="1.0" encoding="UTF-8"?>
<!-- Generated by org.testng.reporters.JUnitXMLReporter -->
<testsuite hostname="dangnn" ignored="0" name="stream-processor-core" tests="6" failures="1" timestamp="19 Mar 2020 07:02:05 GMT" time="80.79" errors="0">
  <testcase name="testMoniteredFilter" time="1.278" classname="siddhi.test.suite.TemperatureAlertAppUnitTests">
    <failure type="java.lang.AssertionError" message="expected [true] but found [false]">
      <![CDATA[java.lang.AssertionError: expected [true] but found [false]
at siddhi.test.suite.TemperatureAlertAppUnitTests$1.receive(TemperatureAlertAppUnitTests.java:72)
at io.siddhi.core.query.output.callback.QueryCallback.send(QueryCallback.java:86)
at io.siddhi.core.query.output.callback.QueryCallback.receiveStreamEvent(QueryCallback.java:81)
at io.siddhi.core.query.output.ratelimit.OutputRateLimiter.sendToCallBacks(OutputRateLimiter.java:86)
at io.siddhi.core.query.output.ratelimit.PassThroughOutputRateLimiter.process(PassThroughOutputRateLimiter.java:44)
at io.siddhi.core.query.selector.QuerySelector.process(QuerySelector.java:97)
at io.siddhi.core.query.processor.filter.FilterProcessor.process(FilterProcessor.java:58)
at io.siddhi.core.query.input.ProcessStreamReceiver.processAndClear(ProcessStreamReceiver.java:182)
at io.siddhi.core.query.input.ProcessStreamReceiver.process(ProcessStreamReceiver.java:89)
at io.siddhi.core.query.input.ProcessStreamReceiver.receive(ProcessStreamReceiver.java:178)
at io.siddhi.core.stream.StreamJunction.sendData(StreamJunction.java:268)
at io.siddhi.core.stream.StreamJunction.access$200(StreamJunction.java:61)
at io.siddhi.core.stream.StreamJunction$Publisher.send(StreamJunction.java:501)
at io.siddhi.core.stream.input.InputDistributor.send(InputDistributor.java:49)
at io.siddhi.core.stream.input.InputEntryValve.send(InputEntryValve.java:75)
at io.siddhi.core.stream.input.InputHandler.send(InputHandler.java:52)
at siddhi.test.suite.TemperatureAlertAppUnitTests.testMoniteredFilter(TemperatureAlertAppUnitTests.java:82)
... Removed 32 stack frames]]>
    </failure>
  </testcase> <!-- testMoniteredFilter -->
  <testcase name="testSiddhiRunnerStartup" time="15.394" classname="siddhi.test.suite.TemperatureAlertAppUnitTests"/>
  <testcase name="testAppOutput" time="0.307" classname="siddhi.test.suite.AbstractTemperatureAlertAppTests"/>
  <testcase name="testMessageConsumption" time="0.002" classname="siddhi.test.suite.AbstractTemperatureAlertAppTests"/>
  <testcase name="testMessagePublishingWithSiddhi" time="0.112" classname="siddhi.test.suite.AbstractTemperatureAlertAppTests"/>
  <testcase name="testDBPersistence" time="1.0" classname="siddhi.test.suite.TemperatureAlertAppIntegrationTests"/>
</testsuite> <!-- stream-processor-core -->
